<?xml version="1.0" encoding="UTF-8"?>
<!-- Generated by org.testng.reporters.JUnitReportReporter -->
<testsuite hostname="TYSS-Mamatha" failures="0" tests="2" name="listener.TC01" time="0.004" errors="0" timestamp="2023-06-17T09:56:49 IST" skipped="0">
  <testcase classname="listener.TC01" name="testcase2" time="0.003"/>
  <system-out/>
  <testcase classname="listener.TC01" name="testcase1" time="0.001"/>
  <system-out/>
</testsuite> <!-- listener.TC01 -->
