<?xml version="1.0" encoding="UTF-8"?>
<!-- Generated by org.testng.reporters.JUnitReportReporter -->
<testsuite hostname="TYSS-Mamatha" failures="0" tests="4" name="demoPackage.AnnotationsClass2" time="16.287" errors="0" timestamp="2023-06-15T10:14:56 IST" skipped="0">
  <testcase classname="demoPackage.AnnotationsClass2" name="loginWithValidCredentials" time="3.027"/>
  <system-out/>
  <testcase classname="demoPackage.AnnotationsClass2" name="loginWithValidCredentials" time="2.872"/>
  <system-out/>
  <testcase classname="demoPackage.AnnotationsClass2" name="loginWithInvalidCredentials" time="5.063"/>
  <system-out/>
  <testcase classname="demoPackage.AnnotationsClass2" name="loginWithInvalidCredentials" time="5.325"/>
  <system-out/>
</testsuite> <!-- demoPackage.AnnotationsClass2 -->
