<?xml version="1.0" encoding="UTF-8"?>
<!-- Generated by org.testng.reporters.JUnitReportReporter -->
<testsuite hostname="TYSS-Mamatha" failures="0" tests="4" name="demoPackage.AnnotationsClass" time="15.838" errors="0" timestamp="2023-06-15T10:14:56 IST" skipped="0">
  <testcase classname="demoPackage.AnnotationsClass" name="loginWithInvalidCredentials" time="5.168"/>
  <system-out/>
  <testcase classname="demoPackage.AnnotationsClass" name="loginWithValidCredentials" time="2.780"/>
  <system-out/>
  <testcase classname="demoPackage.AnnotationsClass" name="loginWithValidCredentials" time="2.713"/>
  <system-out/>
  <testcase classname="demoPackage.AnnotationsClass" name="loginWithInvalidCredentials" time="5.177"/>
  <system-out/>
</testsuite> <!-- demoPackage.AnnotationsClass -->
