<?xml version="1.0" encoding="UTF-8"?>
<!-- Generated by org.testng.reporters.JUnitReportReporter -->
<testsuite hostname="TYSS-Mamatha" failures="0" tests="4" name="dataProvider.Methods" time="0.011" errors="0" timestamp="2023-06-14T09:19:05 IST" skipped="0">
  <testcase classname="dataProvider.Methods" name="testmethod" time="0.006"/>
  <system-out/>
  <testcase classname="dataProvider.Methods" name="testmethod" time="0.002"/>
  <system-out/>
  <testcase classname="dataProvider.Methods" name="testmethod" time="0.002"/>
  <system-out/>
  <testcase classname="dataProvider.Methods" name="testmethod" time="0.001"/>
  <system-out/>
</testsuite> <!-- dataProvider.Methods -->
