<?xml version="1.0" encoding="UTF-8"?>
<!-- Generated by org.testng.reporters.JUnitReportReporter -->
<testsuite hostname="TYSS-Mamatha" failures="0" tests="4" name="genericLibraries.Demo123" time="26.384" errors="0" timestamp="2023-06-13T10:29:38 IST" skipped="0">
  <testcase classname="genericLibraries.Demo123" name="ReadingFrmExternalData" time="6.351"/>
  <system-out/>
  <testcase classname="genericLibraries.Demo123" name="ReadingFrmExternalData" time="6.131"/>
  <system-out/>
  <testcase classname="genericLibraries.Demo123" name="ReadingFrmExternalData" time="6.711"/>
  <system-out/>
  <testcase classname="genericLibraries.Demo123" name="ReadingFrmExternalData" time="7.191"/>
  <system-out/>
</testsuite> <!-- genericLibraries.Demo123 -->
